[23:28:11] [ServerMain/INFO]: [bootstrap] Running Java 21 (OpenJDK 64-Bit Server VM 21.0.10+7-Ubuntu-124.04; Ubuntu null) on Linux 6.8.0-1030-azure (amd64)
[23:28:11] [ServerMain/INFO]: [bootstrap] Loading Paper 1.21.11-99-main@81b9122 (2026-01-20T19:08:30Z) for Minecraft 1.21.11
[23:28:12] [ServerMain/INFO]: [PluginInitializerManager] Initializing plugins...
[23:28:12] [Paper Plugin Remapper Thread - 2/INFO]: [PluginRemapper] Remapping plugin 'plugins/AurasDelAlma-1.0.0.jar'...
[23:28:13] [Paper Plugin Remapper Thread - 2/INFO]: [PluginRemapper] Done remapping plugin 'plugins/AurasDelAlma-1.0.0.jar' in 716ms.
[23:28:13] [ServerMain/INFO]: [PluginInitializerManager] Initialized 1 plugin
[23:28:13] [ServerMain/INFO]: [PluginInitializerManager] Bukkit plugins (1):
 - AurasDelAlma (3.0.0)
[23:28:19] [ServerMain/INFO]: Environment: Environment[sessionHost=https://sessionserver.mojang.com, servicesHost=https://api.minecraftservices.com, profilesHost=https://api.mojang.com, name=PROD]
[23:28:20] [ServerMain/INFO]: Found new data pack file/bukkit, loading it automatically
[23:28:20] [ServerMain/INFO]: Found new data pack paper, loading it automatically
[23:28:21] [ServerMain/INFO]: No existing world data, creating new world
[23:28:22] [ServerMain/INFO]: Loaded 1470 recipes
[23:28:22] [ServerMain/INFO]: Loaded 1584 advancements
[23:28:22] [ServerMain/INFO]: [ca.spottedleaf.dataconverter.minecraft.datatypes.MCTypeRegistry] Initialising converters for DataConverter...
[23:28:22] [ServerMain/INFO]: [ca.spottedleaf.dataconverter.minecraft.datatypes.MCTypeRegistry] Finished initialising converters for DataConverter in 423.7ms
[23:28:23] [Server thread/INFO]: Starting minecraft server version 1.21.11
[23:28:23] [Server thread/INFO]: Loading properties
[23:28:23] [Server thread/INFO]: This server is running Paper version 1.21.11-99-main@81b9122 (2026-01-20T19:08:30Z) (Implementing API version 1.21.11-R0.1-SNAPSHOT)
[23:28:23] [Server thread/INFO]: [spark] This server bundles the spark profiler. For more information please visit https://docs.papermc.io/paper/profiling
[23:28:23] [Server thread/INFO]: Server Ping Player Sample Count: 12
[23:28:23] [Server thread/INFO]: Using 4 threads for Netty based IO
[23:28:24] [Server thread/INFO]: [MoonriseCommon] Paper is using 1 worker threads, 1 I/O threads
[23:28:24] [Server thread/INFO]: Default game type: SURVIVAL
[23:28:24] [Server thread/INFO]: Generating keypair
[23:28:24] [Server thread/INFO]: Starting Minecraft server on *:25565
[23:28:24] [Server thread/INFO]: Paper: Using libdeflate (Linux x86_64) compression from Velocity.
[23:28:24] [Server thread/INFO]: Paper: Using OpenSSL 3.x.x (Linux x86_64) cipher from Velocity.
[23:28:24] [Server thread/INFO]: [AurasDelAlma] Loading server plugin AurasDelAlma v3.0.0
[23:28:24] [Server thread/INFO]: Server permissions file permissions.yml is empty, ignoring it
[23:28:24] [Server thread/WARN]: **** SERVER IS RUNNING IN OFFLINE/INSECURE MODE!
[23:28:24] [Server thread/WARN]: The server will make no attempt to authenticate usernames. Beware.
[23:28:24] [Server thread/WARN]: While this makes the game possible to play without internet access, it also opens up the ability for hackers to connect with any username they choose.
[23:28:24] [Server thread/WARN]: To change this, set "online-mode" to "true" in the server.properties file.
[23:28:24] [Server thread/INFO]: Preparing level "world"
[23:28:24] [Server thread/INFO]: [ca.spottedleaf.moonrise.common.util.MoonriseConstants] NUMA enable flag is not set; however there is NUMA interaction support for this OS.
[23:28:24] [Server thread/INFO]: [ca.spottedleaf.moonrise.common.util.MoonriseConstants] Detected 1 NUMA nodes.
[23:28:25] [Server thread/INFO]: Selecting spawn point for world 'minecraft:overworld'...
[23:28:33] [Server thread/INFO]: Selecting spawn point for world 'minecraft:the_nether'...
[23:28:34] [Server thread/INFO]: Selecting spawn point for world 'minecraft:the_end'...
[23:28:34] [Server thread/INFO]: Loading 0 persistent chunks for world 'minecraft:overworld'...
[23:28:34] [Server thread/INFO]: Preparing spawn area: 100%
[23:28:34] [Server thread/INFO]: Prepared spawn area in 9448 ms
[23:28:34] [Server thread/INFO]: Loading 0 persistent chunks for world 'minecraft:the_nether'...
[23:28:34] [Server thread/INFO]: Preparing spawn area: 100%
[23:28:34] [Server thread/INFO]: Prepared spawn area in 1407 ms
[23:28:34] [Server thread/INFO]: Loading 0 persistent chunks for world 'minecraft:the_end'...
[23:28:34] [Server thread/INFO]: Preparing spawn area: 100%
[23:28:34] [Server thread/INFO]: Prepared spawn area in 349 ms
[23:28:34] [Server thread/INFO]: Done preparing level "world" (9.869s)
[23:28:34] [Server thread/INFO]: [AurasDelAlma] Enabling AurasDelAlma v3.0.0
[23:28:34] [Server thread/INFO]: [AurasDelAlma] §d╔═══════════════════════════════════════╗
[23:28:34] [Server thread/INFO]: [AurasDelAlma] §d║  §6§lAURAS DEL ALMA §d- §bScouter Ultra  §d║
[23:28:34] [Server thread/INFO]: [AurasDelAlma] §d║     §7Dragon Ball Edition v3.0       §d║
[23:28:34] [Server thread/INFO]: [AurasDelAlma] §d╚═══════════════════════════════════════╝
[23:28:34] [Server thread/INFO]: [AurasDelAlma] §a✓ Datos de KI cargados: 0 jugadores
[23:28:34] [Server thread/INFO]: [AurasDelAlma] §a✓ Sistema de Kamehameha activado
[23:28:34] [Server thread/INFO]: [AurasDelAlma] §a✓ Sistema de Ki Clash activado
[23:28:34] [Server thread/INFO]: [AurasDelAlma] §a✓ Sistema de spawn dinámico activado
[23:28:34] [Server thread/INFO]: [AurasDelAlma] §a✓ Comandos administrativos de KI registrados
[23:28:34] [Server thread/INFO]: [AurasDelAlma] §a✓ Sistema de detección de KI activado
[23:28:34] [Server thread/INFO]: [AurasDelAlma] §a✓ Sistema RPG de KI inicializado
[23:28:34] [Server thread/INFO]: [AurasDelAlma] §a✓ Sistema HUD de combate activado
[23:28:34] [Server thread/INFO]: [AurasDelAlma] §a✓ Sistema de velocidad KI activado
[23:28:34] [Server thread/INFO]: [AurasDelAlma] §a✓ Sistema de vuelo KI activado
[23:28:34] [Server thread/INFO]: [AurasDelAlma] §a✓ Sistema de transformaciones activado
[23:28:34] [Server thread/INFO]: [AurasDelAlma] §a✓ Sistema de Ki Blasts activado
[23:28:34] [Server thread/INFO]: [AurasDelAlma] §a✓ Sistema de entrenamiento activado
[23:28:34] [Server thread/INFO]: [AurasDelAlma] §a✓ Sistema de carga de KI activado
[23:28:34] [Server thread/INFO]: [AurasDelAlma] §a✓ Efectos visuales cargados
[23:28:34] [Server thread/INFO]: [AurasDelAlma] §a✓ Sistema de sonido inicializado
[23:28:34] [Server thread/INFO]: [spark] Starting background profiler...
[23:28:35] [Server thread/INFO]: Running delayed init tasks
[23:28:35] [Server thread/INFO]: Done (25.678s)! For help, type "help"
[23:28:35] [Paper Async Task Handler Thread - 1/INFO]: *** Currently you are 18 build(s) behind ***
[23:28:35] [Paper Async Task Handler Thread - 1/INFO]: *** It is highly recommended to download the latest build from https://papermc.io/downloads/paper ***
[23:28:50] [User Authenticator #0/INFO]: UUID of player susB3rgabo is 0589520e-9f5d-3721-9b80-dbed1c8f6039
[23:28:59] [Server thread/INFO]: susB3rgabo joined the game
[23:28:59] [Server thread/INFO]: susB3rgabo[/127.128.102.154:43379] logged in with entity id 21 at ([world]-6.5, 64.0, -9.5)
[23:29:07] [User Authenticator #0/INFO]: UUID of player Iluzzi is 3e5693d9-73fc-31f8-bf33-65ce69f8aa01
[23:29:09] [Server thread/INFO]: Iluzzi joined the game
[23:29:09] [Server thread/INFO]: Iluzzi[/127.74.183.169:35167] logged in with entity id 188 at ([world]-5.5, 64.0, -5.5)
[23:29:43] [Server thread/INFO]: Iluzzi issued server command: /kiadmin dar Iluzzi 100000000
[23:29:45] [Server thread/INFO]: Iluzzi issued server command: /kiadmin dar Iluzzi 100000000
[23:29:47] [Server thread/INFO]: Iluzzi issued server command: /kiadmin dar Iluzzi 100000000
[23:29:48] [Server thread/INFO]: Iluzzi issued server command: /kiadmin dar Iluzzi 100000000
[23:29:57] [Server thread/INFO]: Iluzzi issued server command: /kiadmin dar susB3rgabo 100000000
[23:29:58] [Server thread/INFO]: Iluzzi issued server command: /kiadmin dar susB3rgabo 100000000
[23:29:58] [Server thread/INFO]: Iluzzi issued server command: /kiadmin dar susB3rgabo 100000000
[23:29:59] [Server thread/INFO]: Iluzzi issued server command: /kiadmin dar susB3rgabo 100000000
[23:30:00] [Server thread/INFO]: susB3rgabo issued server command: /ki kame
[23:30:26] [Async Chat Thread - #0/INFO]: [Not Secure] <Iluzzi> ./kI SSJ2
[23:30:28] [Server thread/INFO]: Iluzzi issued server command: /ki ssj2
[23:30:34] [Server thread/INFO]: Iluzzi issued server command: /kiadmin dar Iluzzi 100000000
[23:30:35] [Server thread/INFO]: Iluzzi issued server command: /kiadmin dar Iluzzi 100000000
[23:30:36] [Server thread/INFO]: Iluzzi issued server command: /kiadmin dar Iluzzi 100000000
[23:30:37] [Server thread/INFO]: Iluzzi issued server command: /kiadmin dar Iluzzi 100000000
[23:30:42] [Server thread/INFO]: Iluzzi issued server command: /kiadmin dar susB3rgabo 100000000
[23:30:42] [Server thread/INFO]: Iluzzi issued server command: /kiadmin dar susB3rgabo 100000000
[23:30:43] [Server thread/INFO]: Iluzzi issued server command: /kiadmin dar susB3rgabo 100000000
[23:30:43] [Server thread/INFO]: Iluzzi issued server command: /kiadmin dar susB3rgabo 100000000
[23:31:14] [Server thread/INFO]: Iluzzi issued server command: /gamemode creative
[23:31:14] [Server thread/INFO]: [Iluzzi: Set own game mode to Creative Mode]
[23:31:20] [Server thread/INFO]: Iluzzi issued server command: /gamemode survival
[23:31:20] [Server thread/INFO]: [Iluzzi: Set own game mode to Survival Mode]
[23:31:37] [Server thread/INFO]: Iluzzi issued server command: /ki ssj2
[23:31:42] [Server thread/INFO]: susB3rgabo issued server command: /ki ssj2
[23:31:51] [Server thread/WARN]: [AurasDelAlma] Task #10 for AurasDelAlma v3.0.0 generated an exception
java.lang.IllegalArgumentException: Health value (18982.826171875) must be between 0 and 1024.0. (attribute base value: 18982.827)
	at com.google.common.base.Preconditions.checkArgument(Preconditions.java:483) ~[guava-33.5.0-jre.jar:?]
	at org.bukkit.craftbukkit.entity.CraftLivingEntity.setHealth(CraftLivingEntity.java:129) ~[paper-1.21.11.jar:1.21.11-99-81b9122]
	at AurasDelAlma-1.0.0.jar//com.aurasdelaima.DynamicMobSpawner.configureMob(DynamicMobSpawner.java:250) ~[?:?]
	at AurasDelAlma-1.0.0.jar//com.aurasdelaima.DynamicMobSpawner.spawnScaledMob(DynamicMobSpawner.java:176) ~[?:?]
	at AurasDelAlma-1.0.0.jar//com.aurasdelaima.DynamicMobSpawner$1.run(DynamicMobSpawner.java:90) ~[?:?]
	at org.bukkit.craftbukkit.scheduler.CraftTask.run(CraftTask.java:78) ~[paper-1.21.11.jar:1.21.11-99-81b9122]
	at org.bukkit.craftbukkit.scheduler.CraftScheduler.mainThreadHeartbeat(CraftScheduler.java:474) ~[paper-1.21.11.jar:1.21.11-99-81b9122]
	at net.minecraft.server.MinecraftServer.tickChildren(MinecraftServer.java:1761) ~[paper-1.21.11.jar:1.21.11-99-81b9122]
	at net.minecraft.server.MinecraftServer.tickServer(MinecraftServer.java:1616) ~[paper-1.21.11.jar:1.21.11-99-81b9122]
	at net.minecraft.server.dedicated.DedicatedServer.tickServer(DedicatedServer.java:427) ~[paper-1.21.11.jar:1.21.11-99-81b9122]
	at net.minecraft.server.MinecraftServer.processPacketsAndTick(MinecraftServer.java:1672) ~[paper-1.21.11.jar:1.21.11-99-81b9122]
	at net.minecraft.server.MinecraftServer.runServer(MinecraftServer.java:1340) ~[paper-1.21.11.jar:1.21.11-99-81b9122]
	at net.minecraft.server.MinecraftServer.lambda$spin$2(MinecraftServer.java:388) ~[paper-1.21.11.jar:1.21.11-99-81b9122]
	at java.base/java.lang.Thread.run(Thread.java:1583) ~[?:?]
[23:31:57] [Server thread/INFO]: Iluzzi issued server command: /ki vuelo
[23:32:06] [Server thread/INFO]: Iluzzi has made the advancement [Monster Hunter]
[23:32:06] [Server thread/INFO]: Named entity PiglinBrute['Bruto Supremo [189.33M]'/625, uuid='a834cbdf-4169-4afd-9fb3-03e3a72e0ddf', l='ServerLevel[world]', x=-24.63, y=70.00, z=-1.44, cpos=[-2, -1], tl=300, v=true] died: Bruto Supremo [189.33M] was slain by Iluzzi
[23:32:12] [Server thread/INFO]: susB3rgabo issued server command: /ki vuelo
[23:32:45] [Server thread/INFO]: Iluzzi issued server command: /ki kame
[23:32:46] [Server thread/INFO]: susB3rgabo issued server command: /ki kame
[23:32:50] [Server thread/INFO]: susB3rgabo was slain by Iluzzi
[23:33:07] [Server thread/INFO]: susB3rgabo issued server command: /ki vuelo
[23:33:07] [Server thread/INFO]: Iluzzi issued server command: /tp ~
[23:33:11] [Server thread/INFO]: Iluzzi issued server command: /tp susB3rgabo
[23:33:11] [Server thread/INFO]: [Iluzzi: Teleported Iluzzi to susB3rgabo]
[23:33:12] [Server thread/INFO]: susB3rgabo issued server command: /ki vuelo
[23:33:25] [Server thread/INFO]: Iluzzi issued server command: /tp susB3rgabo
[23:33:25] [Server thread/INFO]: [Iluzzi: Teleported Iluzzi to susB3rgabo]
[23:33:54] [Server thread/INFO]: susB3rgabo issued server command: /ki ssj2
[23:34:12] [Server thread/INFO]: Iluzzi issued server command: /kiadmin dar susB3rgabo 1000
[23:34:14] [Server thread/INFO]: Iluzzi issued server command: /kiadmin dar susB3rgabo 1000
[23:34:16] [Server thread/INFO]: Iluzzi issued server command: /kiadmin dar susB3rgabo 5000
[23:34:20] [Server thread/INFO]: Iluzzi issued server command: /kiadmin dar susB3rgabo 20000
[23:34:24] [Server thread/INFO]: Iluzzi issued server command: /kiadmin dar susB3rgabo 50000
[23:34:26] [Server thread/INFO]: Iluzzi issued server command: /kiadmin dar susB3rgabo 500000
[23:34:27] [Server thread/INFO]: Iluzzi issued server command: /kiadmin dar susB3rgabo 5000000
[23:34:29] [Server thread/INFO]: Iluzzi issued server command: /kiadmin dar susB3rgabo 50000000
[23:34:38] [Server thread/INFO]: susB3rgabo issued server command: /ki ssj2
[23:35:30] [Server thread/INFO]: Iluzzi issued server command: /ki kame
[23:35:31] [Server thread/INFO]: susB3rgabo issued server command: /ki kame
[23:35:35] [Server thread/INFO]: susB3rgabo was slain by Iluzzi
[23:35:36] [Server thread/INFO]: Iluzzi was slain by susB3rgabo
[23:35:51] [Server thread/INFO]: susB3rgabo issued server command: /ki vuelo
[23:35:56] [Server thread/INFO]: susB3rgabo issued server command: /ki vuelo
[23:35:56] [Server thread/INFO]: Iluzzi issued server command: /kiadmin dar Iluzzi 50000000
[23:36:00] [Server thread/INFO]: Iluzzi issued server command: /kiadmin dar Iluzzi 5000000000
[23:36:06] [Server thread/INFO]: Iluzzi issued server command: /kiadmin dar susB3rgabo 5000000000
[23:36:21] [Server thread/WARN]: [AurasDelAlma] Task #10 for AurasDelAlma v3.0.0 generated an exception
java.lang.IllegalArgumentException: Health value (1893.622802734375) must be between 0 and 1024.0. (attribute base value: 1893.6228)
	at com.google.common.base.Preconditions.checkArgument(Preconditions.java:483) ~[guava-33.5.0-jre.jar:?]
	at org.bukkit.craftbukkit.entity.CraftLivingEntity.setHealth(CraftLivingEntity.java:129) ~[paper-1.21.11.jar:1.21.11-99-81b9122]
	at AurasDelAlma-1.0.0.jar//com.aurasdelaima.DynamicMobSpawner.configureMob(DynamicMobSpawner.java:250) ~[?:?]
	at AurasDelAlma-1.0.0.jar//com.aurasdelaima.DynamicMobSpawner.spawnScaledMob(DynamicMobSpawner.java:176) ~[?:?]
	at AurasDelAlma-1.0.0.jar//com.aurasdelaima.DynamicMobSpawner$1.run(DynamicMobSpawner.java:90) ~[?:?]
	at org.bukkit.craftbukkit.scheduler.CraftTask.run(CraftTask.java:78) ~[paper-1.21.11.jar:1.21.11-99-81b9122]
	at org.bukkit.craftbukkit.scheduler.CraftScheduler.mainThreadHeartbeat(CraftScheduler.java:474) ~[paper-1.21.11.jar:1.21.11-99-81b9122]
	at net.minecraft.server.MinecraftServer.tickChildren(MinecraftServer.java:1761) ~[paper-1.21.11.jar:1.21.11-99-81b9122]
	at net.minecraft.server.MinecraftServer.tickServer(MinecraftServer.java:1616) ~[paper-1.21.11.jar:1.21.11-99-81b9122]
	at net.minecraft.server.dedicated.DedicatedServer.tickServer(DedicatedServer.java:427) ~[paper-1.21.11.jar:1.21.11-99-81b9122]
	at net.minecraft.server.MinecraftServer.processPacketsAndTick(MinecraftServer.java:1672) ~[paper-1.21.11.jar:1.21.11-99-81b9122]
	at net.minecraft.server.MinecraftServer.runServer(MinecraftServer.java:1340) ~[paper-1.21.11.jar:1.21.11-99-81b9122]
	at net.minecraft.server.MinecraftServer.lambda$spin$2(MinecraftServer.java:388) ~[paper-1.21.11.jar:1.21.11-99-81b9122]
	at java.base/java.lang.Thread.run(Thread.java:1583) ~[?:?]
[23:36:33] [Server thread/INFO]: susB3rgabo has made the advancement [Monster Hunter]
[23:36:33] [Server thread/INFO]: Named entity Ravager['Devastador [17.94M]'/1241, uuid='7c63eb32-6427-49fa-b129-72b3d7419cf0', l='ServerLevel[world]', x=-13.11, y=68.00, z=0.94, cpos=[-1, 0], tl=254, v=true] died: Devastador [17.94M] was slain by susB3rgabo
[23:37:05] [Server thread/INFO]: susB3rgabo issued server command: /ki kame
[23:37:10] [Server thread/INFO]: Iluzzi was slain by susB3rgabo
[23:37:16] [Server thread/WARN]: [AurasDelAlma] Task #10 for AurasDelAlma v3.0.0 generated an exception
java.lang.IllegalArgumentException: Health value (1710.301025390625) must be between 0 and 1024.0. (attribute base value: 1710.301)
	at com.google.common.base.Preconditions.checkArgument(Preconditions.java:483) ~[guava-33.5.0-jre.jar:?]
	at org.bukkit.craftbukkit.entity.CraftLivingEntity.setHealth(CraftLivingEntity.java:129) ~[paper-1.21.11.jar:1.21.11-99-81b9122]
	at AurasDelAlma-1.0.0.jar//com.aurasdelaima.DynamicMobSpawner.configureMob(DynamicMobSpawner.java:250) ~[?:?]
	at AurasDelAlma-1.0.0.jar//com.aurasdelaima.DynamicMobSpawner.spawnScaledMob(DynamicMobSpawner.java:176) ~[?:?]
	at AurasDelAlma-1.0.0.jar//com.aurasdelaima.DynamicMobSpawner$1.run(DynamicMobSpawner.java:90) ~[?:?]
	at org.bukkit.craftbukkit.scheduler.CraftTask.run(CraftTask.java:78) ~[paper-1.21.11.jar:1.21.11-99-81b9122]
	at org.bukkit.craftbukkit.scheduler.CraftScheduler.mainThreadHeartbeat(CraftScheduler.java:474) ~[paper-1.21.11.jar:1.21.11-99-81b9122]
	at net.minecraft.server.MinecraftServer.tickChildren(MinecraftServer.java:1761) ~[paper-1.21.11.jar:1.21.11-99-81b9122]
	at net.minecraft.server.MinecraftServer.tickServer(MinecraftServer.java:1616) ~[paper-1.21.11.jar:1.21.11-99-81b9122]
	at net.minecraft.server.dedicated.DedicatedServer.tickServer(DedicatedServer.java:427) ~[paper-1.21.11.jar:1.21.11-99-81b9122]
	at net.minecraft.server.MinecraftServer.processPacketsAndTick(MinecraftServer.java:1672) ~[paper-1.21.11.jar:1.21.11-99-81b9122]
	at net.minecraft.server.MinecraftServer.runServer(MinecraftServer.java:1340) ~[paper-1.21.11.jar:1.21.11-99-81b9122]
	at net.minecraft.server.MinecraftServer.lambda$spin$2(MinecraftServer.java:388) ~[paper-1.21.11.jar:1.21.11-99-81b9122]
	at java.base/java.lang.Thread.run(Thread.java:1583) ~[?:?]
[23:37:20] [Server thread/INFO]: Iluzzi issued server command: /tp susB3rgabo
[23:37:20] [Server thread/INFO]: [Iluzzi: Teleported Iluzzi to susB3rgabo]
[23:37:22] [Server thread/INFO]: Iluzzi issued server command: /ki ssj2
[23:37:40] [Server thread/INFO]: susB3rgabo issued server command: /ki kame
[23:37:45] [Server thread/INFO]: Iluzzi was slain by susB3rgabo
[23:37:54] [Server thread/INFO]: Iluzzi issued server command: /kiadmin dar Iluzzi 5000000000
